[0.018s] Invoking command in '/home/jinyoung/scout_ws/src/ugv_gazebo_sim/build/hunter_se_gazebo': CMAKE_PREFIX_PATH=/opt/ros/humble /usr/bin/cmake /home/jinyoung/scout_ws/src/ugv_gazebo_sim/hunter_se/hunter_se_gazebo -DCMAKE_INSTALL_PREFIX=/home/jinyoung/scout_ws/src/ugv_gazebo_sim/install/hunter_se_gazebo
[0.065s] -- The C compiler identification is GNU 11.4.0
[0.120s] -- The CXX compiler identification is GNU 11.4.0
[0.126s] -- Detecting C compiler ABI info
[0.187s] -- Detecting C compiler ABI info - done
[0.196s] -- Check for working C compiler: /usr/bin/cc - skipped
[0.197s] -- Detecting C compile features
[0.197s] -- Detecting C compile features - done
[0.204s] -- Detecting CXX compiler ABI info
[0.274s] -- Detecting CXX compiler ABI info - done
[0.285s] -- Check for working CXX compiler: /usr/bin/c++ - skipped
[0.286s] -- Detecting CXX compile features
[0.286s] -- Detecting CXX compile features - done
[0.290s] -- Found ament_cmake: 1.3.11 (/opt/ros/humble/share/ament_cmake/cmake)
[0.446s] -- Found Python3: /usr/bin/python3 (found version "3.10.12") found components: Interpreter 
[0.538s] -- Found ament_lint_auto: 0.12.11 (/opt/ros/humble/share/ament_lint_auto/cmake)
[0.635s] -- Added test 'copyright' to check source files copyright and LICENSE
[0.635s] -- Added test 'flake8' to check Python code syntax and style conventions
[0.636s] -- Added test 'lint_cmake' to check CMake code style
[0.636s] -- Added test 'pep257' to check Python code against some of the docstring style conventions in PEP 257
[0.637s] -- Added test 'xmllint' to check XML markup files
[0.638s] -- Configuring done
[0.642s] -- Generating done
[0.642s] -- Build files have been written to: /home/jinyoung/scout_ws/src/ugv_gazebo_sim/build/hunter_se_gazebo
[0.656s] Invoked command in '/home/jinyoung/scout_ws/src/ugv_gazebo_sim/build/hunter_se_gazebo' returned '0': CMAKE_PREFIX_PATH=/opt/ros/humble /usr/bin/cmake /home/jinyoung/scout_ws/src/ugv_gazebo_sim/hunter_se/hunter_se_gazebo -DCMAKE_INSTALL_PREFIX=/home/jinyoung/scout_ws/src/ugv_gazebo_sim/install/hunter_se_gazebo
[0.657s] Invoking command in '/home/jinyoung/scout_ws/src/ugv_gazebo_sim/build/hunter_se_gazebo': CMAKE_PREFIX_PATH=/opt/ros/humble /usr/bin/cmake --build /home/jinyoung/scout_ws/src/ugv_gazebo_sim/build/hunter_se_gazebo -- -j8 -l8
[0.688s] Invoked command in '/home/jinyoung/scout_ws/src/ugv_gazebo_sim/build/hunter_se_gazebo' returned '0': CMAKE_PREFIX_PATH=/opt/ros/humble /usr/bin/cmake --build /home/jinyoung/scout_ws/src/ugv_gazebo_sim/build/hunter_se_gazebo -- -j8 -l8
[0.716s] Invoking command in '/home/jinyoung/scout_ws/src/ugv_gazebo_sim/build/hunter_se_gazebo': CMAKE_PREFIX_PATH=/opt/ros/humble /usr/bin/cmake --install /home/jinyoung/scout_ws/src/ugv_gazebo_sim/build/hunter_se_gazebo
[0.723s] -- Install configuration: ""
[0.724s] -- Installing: /home/jinyoung/scout_ws/src/ugv_gazebo_sim/install/hunter_se_gazebo/share/hunter_se_gazebo/launch
[0.724s] -- Installing: /home/jinyoung/scout_ws/src/ugv_gazebo_sim/install/hunter_se_gazebo/share/hunter_se_gazebo/launch/hunter_se_spawn.launch.py
[0.724s] -- Installing: /home/jinyoung/scout_ws/src/ugv_gazebo_sim/install/hunter_se_gazebo/share/hunter_se_gazebo/launch/display.launch.py
[0.724s] -- Installing: /home/jinyoung/scout_ws/src/ugv_gazebo_sim/install/hunter_se_gazebo/share/hunter_se_gazebo/launch/hunter_se.launch.py
[0.724s] -- Installing: /home/jinyoung/scout_ws/src/ugv_gazebo_sim/install/hunter_se_gazebo/share/hunter_se_gazebo/launch/hunter_se_empty_world.launch.py
[0.724s] -- Installing: /home/jinyoung/scout_ws/src/ugv_gazebo_sim/install/hunter_se_gazebo/share/hunter_se_gazebo/xacro
[0.724s] -- Installing: /home/jinyoung/scout_ws/src/ugv_gazebo_sim/install/hunter_se_gazebo/share/hunter_se_gazebo/xacro/hunter_se_gazebo copy.xacro
[0.724s] -- Installing: /home/jinyoung/scout_ws/src/ugv_gazebo_sim/install/hunter_se_gazebo/share/hunter_se_gazebo/xacro/hunter_se_gazebo.xacro
[0.724s] -- Installing: /home/jinyoung/scout_ws/src/ugv_gazebo_sim/install/hunter_se_gazebo/share/hunter_se_gazebo/xacro/hunter_se.gazebo
[0.724s] -- Installing: /home/jinyoung/scout_ws/src/ugv_gazebo_sim/install/hunter_se_gazebo/share/hunter_se_gazebo/world
[0.724s] -- Installing: /home/jinyoung/scout_ws/src/ugv_gazebo_sim/install/hunter_se_gazebo/share/hunter_se_gazebo/world/house.world
[0.724s] -- Installing: /home/jinyoung/scout_ws/src/ugv_gazebo_sim/install/hunter_se_gazebo/share/hunter_se_gazebo/scripts
[0.724s] -- Installing: /home/jinyoung/scout_ws/src/ugv_gazebo_sim/install/hunter_se_gazebo/share/hunter_se_gazebo/scripts/gazebo_odometry.py
[0.724s] -- Installing: /home/jinyoung/scout_ws/src/ugv_gazebo_sim/install/hunter_se_gazebo/share/ament_index/resource_index/package_run_dependencies/hunter_se_gazebo
[0.724s] -- Installing: /home/jinyoung/scout_ws/src/ugv_gazebo_sim/install/hunter_se_gazebo/share/ament_index/resource_index/parent_prefix_path/hunter_se_gazebo
[0.724s] -- Installing: /home/jinyoung/scout_ws/src/ugv_gazebo_sim/install/hunter_se_gazebo/share/hunter_se_gazebo/environment/ament_prefix_path.sh
[0.724s] -- Installing: /home/jinyoung/scout_ws/src/ugv_gazebo_sim/install/hunter_se_gazebo/share/hunter_se_gazebo/environment/ament_prefix_path.dsv
[0.725s] -- Installing: /home/jinyoung/scout_ws/src/ugv_gazebo_sim/install/hunter_se_gazebo/share/hunter_se_gazebo/environment/path.sh
[0.725s] -- Installing: /home/jinyoung/scout_ws/src/ugv_gazebo_sim/install/hunter_se_gazebo/share/hunter_se_gazebo/environment/path.dsv
[0.725s] -- Installing: /home/jinyoung/scout_ws/src/ugv_gazebo_sim/install/hunter_se_gazebo/share/hunter_se_gazebo/local_setup.bash
[0.725s] -- Installing: /home/jinyoung/scout_ws/src/ugv_gazebo_sim/install/hunter_se_gazebo/share/hunter_se_gazebo/local_setup.sh
[0.725s] -- Installing: /home/jinyoung/scout_ws/src/ugv_gazebo_sim/install/hunter_se_gazebo/share/hunter_se_gazebo/local_setup.zsh
[0.725s] -- Installing: /home/jinyoung/scout_ws/src/ugv_gazebo_sim/install/hunter_se_gazebo/share/hunter_se_gazebo/local_setup.dsv
[0.725s] -- Installing: /home/jinyoung/scout_ws/src/ugv_gazebo_sim/install/hunter_se_gazebo/share/hunter_se_gazebo/package.dsv
[0.725s] -- Installing: /home/jinyoung/scout_ws/src/ugv_gazebo_sim/install/hunter_se_gazebo/share/ament_index/resource_index/packages/hunter_se_gazebo
[0.725s] -- Installing: /home/jinyoung/scout_ws/src/ugv_gazebo_sim/install/hunter_se_gazebo/share/hunter_se_gazebo/cmake/hunter_se_gazeboConfig.cmake
[0.725s] -- Installing: /home/jinyoung/scout_ws/src/ugv_gazebo_sim/install/hunter_se_gazebo/share/hunter_se_gazebo/cmake/hunter_se_gazeboConfig-version.cmake
[0.725s] -- Installing: /home/jinyoung/scout_ws/src/ugv_gazebo_sim/install/hunter_se_gazebo/share/hunter_se_gazebo/package.xml
[0.751s] Invoked command in '/home/jinyoung/scout_ws/src/ugv_gazebo_sim/build/hunter_se_gazebo' returned '0': CMAKE_PREFIX_PATH=/opt/ros/humble /usr/bin/cmake --install /home/jinyoung/scout_ws/src/ugv_gazebo_sim/build/hunter_se_gazebo
