[0.029s] Invoking command in '/home/jinyoung/scout_ws/src/ugv_gazebo_sim/build/tracer_gazebo_sim': CMAKE_PREFIX_PATH=/opt/ros/humble /usr/bin/cmake /home/jinyoung/scout_ws/src/ugv_gazebo_sim/tracer/tracer_gazebo_sim -DCMAKE_INSTALL_PREFIX=/home/jinyoung/scout_ws/src/ugv_gazebo_sim/install/tracer_gazebo_sim
[0.062s] -- The C compiler identification is GNU 11.4.0
[0.097s] -- The CXX compiler identification is GNU 11.4.0
[0.101s] -- Detecting C compiler ABI info
[0.148s] -- Detecting C compiler ABI info - done
[0.157s] -- Check for working C compiler: /usr/bin/cc - skipped
[0.157s] -- Detecting C compile features
[0.158s] -- Detecting C compile features - done
[0.161s] -- Detecting CXX compiler ABI info
[0.235s] -- Detecting CXX compiler ABI info - done
[0.240s] -- Check for working CXX compiler: /usr/bin/c++ - skipped
[0.240s] -- Detecting CXX compile features
[0.240s] -- Detecting CXX compile features - done
[0.242s] -- Found ament_cmake: 1.3.11 (/opt/ros/humble/share/ament_cmake/cmake)
[0.340s] -- Found Python3: /usr/bin/python3 (found version "3.10.12") found components: Interpreter 
[0.395s] -- Found ament_lint_auto: 0.12.11 (/opt/ros/humble/share/ament_lint_auto/cmake)
[0.446s] -- Added test 'copyright' to check source files copyright and LICENSE
[0.447s] -- Added test 'flake8' to check Python code syntax and style conventions
[0.447s] -- Added test 'lint_cmake' to check CMake code style
[0.448s] -- Added test 'pep257' to check Python code against some of the docstring style conventions in PEP 257
[0.448s] -- Added test 'xmllint' to check XML markup files
[0.449s] -- Configuring done
[0.451s] -- Generating done
[0.451s] -- Build files have been written to: /home/jinyoung/scout_ws/src/ugv_gazebo_sim/build/tracer_gazebo_sim
