[0.018s] Invoking command in '/home/jinyoung/scout_ws/src/ugv_gazebo_sim/build/scout_description': CMAKE_PREFIX_PATH=/opt/ros/humble /usr/bin/cmake /home/jinyoung/scout_ws/src/ugv_gazebo_sim/scout/scout_description -DCMAKE_INSTALL_PREFIX=/home/jinyoung/scout_ws/src/ugv_gazebo_sim/install/scout_description
[0.642s] -- The C compiler identification is GNU 11.4.0
[0.642s] -- The CXX compiler identification is GNU 11.4.0
[0.642s] -- Detecting C compiler ABI info
[0.642s] -- Detecting C compiler ABI info - done
[0.642s] -- Check for working C compiler: /usr/bin/cc - skipped
[0.643s] -- Detecting C compile features
[0.643s] -- Detecting C compile features - done
[0.643s] -- Detecting CXX compiler ABI info
[0.643s] -- Detecting CXX compiler ABI info - done
[0.643s] -- Check for working CXX compiler: /usr/bin/c++ - skipped
[0.643s] -- Detecting CXX compile features
[0.643s] -- Detecting CXX compile features - done
[0.643s] -- Found ament_cmake: 1.3.11 (/opt/ros/humble/share/ament_cmake/cmake)
[0.643s] -- Found Python3: /usr/bin/python3 (found version "3.10.12") found components: Interpreter 
[0.644s] -- Found ament_lint_auto: 0.12.11 (/opt/ros/humble/share/ament_lint_auto/cmake)
[0.644s] -- Added test 'copyright' to check source files copyright and LICENSE
[0.647s] -- Added test 'flake8' to check Python code syntax and style conventions
[0.647s] -- Added test 'lint_cmake' to check CMake code style
[0.648s] -- Added test 'pep257' to check Python code against some of the docstring style conventions in PEP 257
[0.651s] -- Added test 'xmllint' to check XML markup files
[0.653s] -- Configuring done
[0.654s] -- Generating done
[0.656s] -- Build files have been written to: /home/jinyoung/scout_ws/src/ugv_gazebo_sim/build/scout_description
[0.660s] Invoked command in '/home/jinyoung/scout_ws/src/ugv_gazebo_sim/build/scout_description' returned '0': CMAKE_PREFIX_PATH=/opt/ros/humble /usr/bin/cmake /home/jinyoung/scout_ws/src/ugv_gazebo_sim/scout/scout_description -DCMAKE_INSTALL_PREFIX=/home/jinyoung/scout_ws/src/ugv_gazebo_sim/install/scout_description
[0.661s] Invoking command in '/home/jinyoung/scout_ws/src/ugv_gazebo_sim/build/scout_description': CMAKE_PREFIX_PATH=/opt/ros/humble /usr/bin/cmake --build /home/jinyoung/scout_ws/src/ugv_gazebo_sim/build/scout_description -- -j8 -l8
[0.697s] Invoked command in '/home/jinyoung/scout_ws/src/ugv_gazebo_sim/build/scout_description' returned '0': CMAKE_PREFIX_PATH=/opt/ros/humble /usr/bin/cmake --build /home/jinyoung/scout_ws/src/ugv_gazebo_sim/build/scout_description -- -j8 -l8
[0.725s] Invoking command in '/home/jinyoung/scout_ws/src/ugv_gazebo_sim/build/scout_description': CMAKE_PREFIX_PATH=/opt/ros/humble /usr/bin/cmake --install /home/jinyoung/scout_ws/src/ugv_gazebo_sim/build/scout_description
[0.746s] -- Install configuration: ""
[0.746s] -- Installing: /home/jinyoung/scout_ws/src/ugv_gazebo_sim/install/scout_description/share/scout_description/launch
[0.746s] -- Installing: /home/jinyoung/scout_ws/src/ugv_gazebo_sim/install/scout_description/share/scout_description/launch/display_scout_v2.launch.py
[0.746s] -- Installing: /home/jinyoung/scout_ws/src/ugv_gazebo_sim/install/scout_description/share/scout_description/launch/display_mini.launch.py
[0.746s] -- Installing: /home/jinyoung/scout_ws/src/ugv_gazebo_sim/install/scout_description/share/scout_description/meshes
[0.746s] -- Installing: /home/jinyoung/scout_ws/src/ugv_gazebo_sim/install/scout_description/share/scout_description/meshes/wheel.dae
[0.746s] -- Installing: /home/jinyoung/scout_ws/src/ugv_gazebo_sim/install/scout_description/share/scout_description/meshes/1_Link.STL
[0.746s] -- Installing: /home/jinyoung/scout_ws/src/ugv_gazebo_sim/install/scout_description/share/scout_description/meshes/wheel_type1.dae
[0.746s] -- Installing: /home/jinyoung/scout_ws/src/ugv_gazebo_sim/install/scout_description/share/scout_description/meshes/scout_mini_base_link.dae
[0.746s] -- Installing: /home/jinyoung/scout_ws/src/ugv_gazebo_sim/install/scout_description/share/scout_description/meshes/wheel_type2.dae
[0.746s] -- Installing: /home/jinyoung/scout_ws/src/ugv_gazebo_sim/install/scout_description/share/scout_description/meshes/base_link_full.dae
[0.747s] -- Installing: /home/jinyoung/scout_ws/src/ugv_gazebo_sim/install/scout_description/share/scout_description/meshes/scout_mini_base_link.STL
[0.747s] -- Installing: /home/jinyoung/scout_ws/src/ugv_gazebo_sim/install/scout_description/share/scout_description/meshes/2_Link.STL
[0.747s] -- Installing: /home/jinyoung/scout_ws/src/ugv_gazebo_sim/install/scout_description/share/scout_description/meshes/scout_mini_base_link2.dae
[0.754s] -- Installing: /home/jinyoung/scout_ws/src/ugv_gazebo_sim/install/scout_description/share/scout_description/meshes/base_link.dae
[0.762s] -- Installing: /home/jinyoung/scout_ws/src/ugv_gazebo_sim/install/scout_description/share/scout_description/meshes/4_Link.STL
[0.763s] -- Installing: /home/jinyoung/scout_ws/src/ugv_gazebo_sim/install/scout_description/share/scout_description/meshes/3_Link.STL
[0.765s] -- Installing: /home/jinyoung/scout_ws/src/ugv_gazebo_sim/install/scout_description/share/scout_description/rviz
[0.766s] -- Installing: /home/jinyoung/scout_ws/src/ugv_gazebo_sim/install/scout_description/share/scout_description/rviz/model_display.rviz
[0.767s] -- Installing: /home/jinyoung/scout_ws/src/ugv_gazebo_sim/install/scout_description/share/scout_description/rviz/scout_mini_model_display.rviz
[0.767s] -- Installing: /home/jinyoung/scout_ws/src/ugv_gazebo_sim/install/scout_description/share/scout_description/rviz/navigation.rviz
[0.767s] -- Installing: /home/jinyoung/scout_ws/src/ugv_gazebo_sim/install/scout_description/share/scout_description/urdf
[0.767s] -- Installing: /home/jinyoung/scout_ws/src/ugv_gazebo_sim/install/scout_description/share/scout_description/urdf/scout_wheel_type1.xacro
[0.767s] -- Installing: /home/jinyoung/scout_ws/src/ugv_gazebo_sim/install/scout_description/share/scout_description/urdf/scout_v2.xacro
[0.767s] -- Installing: /home/jinyoung/scout_ws/src/ugv_gazebo_sim/install/scout_description/share/scout_description/urdf/scout_mini.xacro
[0.767s] -- Installing: /home/jinyoung/scout_ws/src/ugv_gazebo_sim/install/scout_description/share/scout_description/urdf/scout_v2.gazebo
[0.767s] -- Installing: /home/jinyoung/scout_ws/src/ugv_gazebo_sim/install/scout_description/share/scout_description/urdf/scout_mini_wheel.gazebo
[0.770s] -- Installing: /home/jinyoung/scout_ws/src/ugv_gazebo_sim/install/scout_description/share/scout_description/urdf/scout_mini_wheel_4.xacro
[0.770s] -- Installing: /home/jinyoung/scout_ws/src/ugv_gazebo_sim/install/scout_description/share/scout_description/urdf/scout_mini.gazebo
[0.770s] -- Installing: /home/jinyoung/scout_ws/src/ugv_gazebo_sim/install/scout_description/share/scout_description/urdf/scout_mini.urdf
[0.770s] -- Installing: /home/jinyoung/scout_ws/src/ugv_gazebo_sim/install/scout_description/share/scout_description/urdf/empty.urdf
[0.771s] -- Installing: /home/jinyoung/scout_ws/src/ugv_gazebo_sim/install/scout_description/share/scout_description/urdf/scout_wheel.gazebo
[0.771s] -- Installing: /home/jinyoung/scout_ws/src/ugv_gazebo_sim/install/scout_description/share/scout_description/urdf/scout_mini_wheel_2.xacro
[0.771s] -- Installing: /home/jinyoung/scout_ws/src/ugv_gazebo_sim/install/scout_description/share/scout_description/urdf/scout_mini_wheel_3.xacro
[0.771s] -- Installing: /home/jinyoung/scout_ws/src/ugv_gazebo_sim/install/scout_description/share/scout_description/urdf/scout_mini_wheel_1.xacro
[0.771s] -- Installing: /home/jinyoung/scout_ws/src/ugv_gazebo_sim/install/scout_description/share/scout_description/urdf/mini.xacro
[0.771s] -- Installing: /home/jinyoung/scout_ws/src/ugv_gazebo_sim/install/scout_description/share/scout_description/urdf/scout_wheel_type2.xacro
[0.771s] -- Installing: /home/jinyoung/scout_ws/src/ugv_gazebo_sim/install/scout_description/share/ament_index/resource_index/package_run_dependencies/scout_description
[0.771s] -- Installing: /home/jinyoung/scout_ws/src/ugv_gazebo_sim/install/scout_description/share/ament_index/resource_index/parent_prefix_path/scout_description
[0.771s] -- Installing: /home/jinyoung/scout_ws/src/ugv_gazebo_sim/install/scout_description/share/scout_description/environment/ament_prefix_path.sh
[0.771s] -- Installing: /home/jinyoung/scout_ws/src/ugv_gazebo_sim/install/scout_description/share/scout_description/environment/ament_prefix_path.dsv
[0.771s] -- Installing: /home/jinyoung/scout_ws/src/ugv_gazebo_sim/install/scout_description/share/scout_description/environment/path.sh
[0.771s] -- Installing: /home/jinyoung/scout_ws/src/ugv_gazebo_sim/install/scout_description/share/scout_description/environment/path.dsv
[0.771s] -- Installing: /home/jinyoung/scout_ws/src/ugv_gazebo_sim/install/scout_description/share/scout_description/local_setup.bash
[0.771s] -- Installing: /home/jinyoung/scout_ws/src/ugv_gazebo_sim/install/scout_description/share/scout_description/local_setup.sh
[0.771s] -- Installing: /home/jinyoung/scout_ws/src/ugv_gazebo_sim/install/scout_description/share/scout_description/local_setup.zsh
[0.771s] -- Installing: /home/jinyoung/scout_ws/src/ugv_gazebo_sim/install/scout_description/share/scout_description/local_setup.dsv
[0.771s] -- Installing: /home/jinyoung/scout_ws/src/ugv_gazebo_sim/install/scout_description/share/scout_description/package.dsv
[0.771s] -- Installing: /home/jinyoung/scout_ws/src/ugv_gazebo_sim/install/scout_description/share/ament_index/resource_index/packages/scout_description
[0.771s] -- Installing: /home/jinyoung/scout_ws/src/ugv_gazebo_sim/install/scout_description/share/scout_description/cmake/scout_descriptionConfig.cmake
[0.771s] -- Installing: /home/jinyoung/scout_ws/src/ugv_gazebo_sim/install/scout_description/share/scout_description/cmake/scout_descriptionConfig-version.cmake
[0.771s] -- Installing: /home/jinyoung/scout_ws/src/ugv_gazebo_sim/install/scout_description/share/scout_description/package.xml
[0.791s] Invoked command in '/home/jinyoung/scout_ws/src/ugv_gazebo_sim/build/scout_description' returned '0': CMAKE_PREFIX_PATH=/opt/ros/humble /usr/bin/cmake --install /home/jinyoung/scout_ws/src/ugv_gazebo_sim/build/scout_description
