[0.039s] Invoking command in '/home/jinyoung/scout_ws/src/ugv_gazebo_sim/build/tracer_description': CMAKE_PREFIX_PATH=/opt/ros/humble /usr/bin/cmake /home/jinyoung/scout_ws/src/ugv_gazebo_sim/tracer/tracer_description -DCMAKE_INSTALL_PREFIX=/home/jinyoung/scout_ws/src/ugv_gazebo_sim/install/tracer_description
[0.071s] -- The C compiler identification is GNU 11.4.0
[0.107s] -- The CXX compiler identification is GNU 11.4.0
[0.111s] -- Detecting C compiler ABI info
[0.159s] -- Detecting C compiler ABI info - done
[0.168s] -- Check for working C compiler: /usr/bin/cc - skipped
[0.169s] -- Detecting C compile features
[0.169s] -- Detecting C compile features - done
[0.172s] -- Detecting CXX compiler ABI info
[0.246s] -- Detecting CXX compiler ABI info - done
[0.251s] -- Check for working CXX compiler: /usr/bin/c++ - skipped
[0.251s] -- Detecting CXX compile features
[0.251s] -- Detecting CXX compile features - done
[0.253s] -- Found ament_cmake: 1.3.11 (/opt/ros/humble/share/ament_cmake/cmake)
[0.351s] -- Found Python3: /usr/bin/python3 (found version "3.10.12") found components: Interpreter 
[0.406s] -- Found ament_lint_auto: 0.12.11 (/opt/ros/humble/share/ament_lint_auto/cmake)
[0.457s] -- Added test 'copyright' to check source files copyright and LICENSE
[0.459s] -- Added test 'flake8' to check Python code syntax and style conventions
[0.459s] -- Added test 'lint_cmake' to check CMake code style
[0.460s] -- Added test 'pep257' to check Python code against some of the docstring style conventions in PEP 257
[0.461s] -- Added test 'xmllint' to check XML markup files
[0.461s] -- Configuring done
[0.463s] -- Generating done
[0.463s] -- Build files have been written to: /home/jinyoung/scout_ws/src/ugv_gazebo_sim/build/tracer_description
