[0.018s] Invoking command in '/home/jinyoung/scout_ws/src/ugv_gazebo_sim/build/hunter_se_description': CMAKE_PREFIX_PATH=/opt/ros/humble /usr/bin/cmake /home/jinyoung/scout_ws/src/ugv_gazebo_sim/hunter_se/hunter_se_description -DCMAKE_INSTALL_PREFIX=/home/jinyoung/scout_ws/src/ugv_gazebo_sim/install/hunter_se_description
[0.066s] -- The C compiler identification is GNU 11.4.0
[0.126s] -- The CXX compiler identification is GNU 11.4.0
[0.133s] -- Detecting C compiler ABI info
[0.196s] -- Detecting C compiler ABI info - done
[0.206s] -- Check for working C compiler: /usr/bin/cc - skipped
[0.206s] -- Detecting C compile features
[0.207s] -- Detecting C compile features - done
[0.211s] -- Detecting CXX compiler ABI info
[0.289s] -- Detecting CXX compiler ABI info - done
[0.299s] -- Check for working CXX compiler: /usr/bin/c++ - skipped
[0.306s] -- Detecting CXX compile features
[0.306s] -- Detecting CXX compile features - done
[0.306s] -- Found ament_cmake: 1.3.11 (/opt/ros/humble/share/ament_cmake/cmake)
[0.461s] -- Found Python3: /usr/bin/python3 (found version "3.10.12") found components: Interpreter 
[0.553s] -- Found ament_lint_auto: 0.12.11 (/opt/ros/humble/share/ament_lint_auto/cmake)
[0.637s] -- Added test 'copyright' to check source files copyright and LICENSE
[0.644s] -- Added test 'flake8' to check Python code syntax and style conventions
[0.644s] -- Added test 'lint_cmake' to check CMake code style
[0.644s] -- Added test 'pep257' to check Python code against some of the docstring style conventions in PEP 257
[0.644s] -- Added test 'xmllint' to check XML markup files
[0.644s] -- Configuring done
[0.645s] -- Generating done
[0.648s] -- Build files have been written to: /home/jinyoung/scout_ws/src/ugv_gazebo_sim/build/hunter_se_description
[0.662s] Invoked command in '/home/jinyoung/scout_ws/src/ugv_gazebo_sim/build/hunter_se_description' returned '0': CMAKE_PREFIX_PATH=/opt/ros/humble /usr/bin/cmake /home/jinyoung/scout_ws/src/ugv_gazebo_sim/hunter_se/hunter_se_description -DCMAKE_INSTALL_PREFIX=/home/jinyoung/scout_ws/src/ugv_gazebo_sim/install/hunter_se_description
[0.663s] Invoking command in '/home/jinyoung/scout_ws/src/ugv_gazebo_sim/build/hunter_se_description': CMAKE_PREFIX_PATH=/opt/ros/humble /usr/bin/cmake --build /home/jinyoung/scout_ws/src/ugv_gazebo_sim/build/hunter_se_description -- -j8 -l8
[0.693s] Invoked command in '/home/jinyoung/scout_ws/src/ugv_gazebo_sim/build/hunter_se_description' returned '0': CMAKE_PREFIX_PATH=/opt/ros/humble /usr/bin/cmake --build /home/jinyoung/scout_ws/src/ugv_gazebo_sim/build/hunter_se_description -- -j8 -l8
[0.714s] Invoking command in '/home/jinyoung/scout_ws/src/ugv_gazebo_sim/build/hunter_se_description': CMAKE_PREFIX_PATH=/opt/ros/humble /usr/bin/cmake --install /home/jinyoung/scout_ws/src/ugv_gazebo_sim/build/hunter_se_description
[0.724s] -- Install configuration: ""
[0.724s] -- Installing: /home/jinyoung/scout_ws/src/ugv_gazebo_sim/install/hunter_se_description/share/hunter_se_description/launch
[0.724s] -- Installing: /home/jinyoung/scout_ws/src/ugv_gazebo_sim/install/hunter_se_description/share/hunter_se_description/launch/display.launch.py
[0.724s] -- Installing: /home/jinyoung/scout_ws/src/ugv_gazebo_sim/install/hunter_se_description/share/hunter_se_description/meshes
[0.724s] -- Installing: /home/jinyoung/scout_ws/src/ugv_gazebo_sim/install/hunter_se_description/share/hunter_se_description/meshes/fr_left_link.STL
[0.725s] -- Installing: /home/jinyoung/scout_ws/src/ugv_gazebo_sim/install/hunter_se_description/share/hunter_se_description/meshes/re_left_link.STL
[0.725s] -- Installing: /home/jinyoung/scout_ws/src/ugv_gazebo_sim/install/hunter_se_description/share/hunter_se_description/meshes/base_link.STL
[0.727s] -- Installing: /home/jinyoung/scout_ws/src/ugv_gazebo_sim/install/hunter_se_description/share/hunter_se_description/meshes/fr_steer_left_link.STL
[0.727s] -- Installing: /home/jinyoung/scout_ws/src/ugv_gazebo_sim/install/hunter_se_description/share/hunter_se_description/meshes/fr_right_link.STL
[0.727s] -- Installing: /home/jinyoung/scout_ws/src/ugv_gazebo_sim/install/hunter_se_description/share/hunter_se_description/meshes/fr_steer_right_link.STL
[0.728s] -- Installing: /home/jinyoung/scout_ws/src/ugv_gazebo_sim/install/hunter_se_description/share/hunter_se_description/meshes/re_right_link.STL
[0.728s] -- Installing: /home/jinyoung/scout_ws/src/ugv_gazebo_sim/install/hunter_se_description/share/hunter_se_description/rviz
[0.728s] -- Installing: /home/jinyoung/scout_ws/src/ugv_gazebo_sim/install/hunter_se_description/share/hunter_se_description/rviz/rviz.rviz
[0.728s] -- Installing: /home/jinyoung/scout_ws/src/ugv_gazebo_sim/install/hunter_se_description/share/hunter_se_description/urdf
[0.728s] -- Installing: /home/jinyoung/scout_ws/src/ugv_gazebo_sim/install/hunter_se_description/share/hunter_se_description/urdf/hunter_se_description.xacro
[0.728s] -- Installing: /home/jinyoung/scout_ws/src/ugv_gazebo_sim/install/hunter_se_description/share/hunter_se_description/urdf/hunter_se_description.urdf
[0.728s] -- Installing: /home/jinyoung/scout_ws/src/ugv_gazebo_sim/install/hunter_se_description/share/hunter_se_description/urdf/hunter_se_description.csv
[0.728s] -- Installing: /home/jinyoung/scout_ws/src/ugv_gazebo_sim/install/hunter_se_description/share/hunter_se_description/config
[0.728s] -- Installing: /home/jinyoung/scout_ws/src/ugv_gazebo_sim/install/hunter_se_description/share/hunter_se_description/config/joint_names_hunter_se_description_2.yaml
[0.728s] -- Installing: /home/jinyoung/scout_ws/src/ugv_gazebo_sim/install/hunter_se_description/share/ament_index/resource_index/package_run_dependencies/hunter_se_description
[0.728s] -- Installing: /home/jinyoung/scout_ws/src/ugv_gazebo_sim/install/hunter_se_description/share/ament_index/resource_index/parent_prefix_path/hunter_se_description
[0.729s] -- Installing: /home/jinyoung/scout_ws/src/ugv_gazebo_sim/install/hunter_se_description/share/hunter_se_description/environment/ament_prefix_path.sh
[0.729s] -- Installing: /home/jinyoung/scout_ws/src/ugv_gazebo_sim/install/hunter_se_description/share/hunter_se_description/environment/ament_prefix_path.dsv
[0.729s] -- Installing: /home/jinyoung/scout_ws/src/ugv_gazebo_sim/install/hunter_se_description/share/hunter_se_description/environment/path.sh
[0.729s] -- Installing: /home/jinyoung/scout_ws/src/ugv_gazebo_sim/install/hunter_se_description/share/hunter_se_description/environment/path.dsv
[0.729s] -- Installing: /home/jinyoung/scout_ws/src/ugv_gazebo_sim/install/hunter_se_description/share/hunter_se_description/local_setup.bash
[0.730s] -- Installing: /home/jinyoung/scout_ws/src/ugv_gazebo_sim/install/hunter_se_description/share/hunter_se_description/local_setup.sh
[0.730s] -- Installing: /home/jinyoung/scout_ws/src/ugv_gazebo_sim/install/hunter_se_description/share/hunter_se_description/local_setup.zsh
[0.730s] -- Installing: /home/jinyoung/scout_ws/src/ugv_gazebo_sim/install/hunter_se_description/share/hunter_se_description/local_setup.dsv
[0.730s] -- Installing: /home/jinyoung/scout_ws/src/ugv_gazebo_sim/install/hunter_se_description/share/hunter_se_description/package.dsv
[0.730s] -- Installing: /home/jinyoung/scout_ws/src/ugv_gazebo_sim/install/hunter_se_description/share/ament_index/resource_index/packages/hunter_se_description
[0.730s] -- Installing: /home/jinyoung/scout_ws/src/ugv_gazebo_sim/install/hunter_se_description/share/hunter_se_description/cmake/hunter_se_descriptionConfig.cmake
[0.730s] -- Installing: /home/jinyoung/scout_ws/src/ugv_gazebo_sim/install/hunter_se_description/share/hunter_se_description/cmake/hunter_se_descriptionConfig-version.cmake
[0.730s] -- Installing: /home/jinyoung/scout_ws/src/ugv_gazebo_sim/install/hunter_se_description/share/hunter_se_description/package.xml
[0.759s] Invoked command in '/home/jinyoung/scout_ws/src/ugv_gazebo_sim/build/hunter_se_description' returned '0': CMAKE_PREFIX_PATH=/opt/ros/humble /usr/bin/cmake --install /home/jinyoung/scout_ws/src/ugv_gazebo_sim/build/hunter_se_description
