[0.020s] Invoking command in '/home/jinyoung/scout_ws/src/ugv_gazebo_sim/build/four_ws_control': CMAKE_PREFIX_PATH=/opt/ros/humble /usr/bin/cmake /home/jinyoung/scout_ws/src/ugv_gazebo_sim/ranger/four_ws_control -DCMAKE_INSTALL_PREFIX=/home/jinyoung/scout_ws/src/ugv_gazebo_sim/install/four_ws_control
[0.071s] -- The C compiler identification is GNU 11.4.0
[0.125s] -- The CXX compiler identification is GNU 11.4.0
[0.132s] -- Detecting C compiler ABI info
[0.196s] -- Detecting C compiler ABI info - done
[0.205s] -- Check for working C compiler: /usr/bin/cc - skipped
[0.205s] -- Detecting C compile features
[0.206s] -- Detecting C compile features - done
[0.210s] -- Detecting CXX compiler ABI info
[0.287s] -- Detecting CXX compiler ABI info - done
[0.296s] -- Check for working CXX compiler: /usr/bin/c++ - skipped
[0.296s] -- Detecting CXX compile features
[0.296s] -- Detecting CXX compile features - done
[0.297s] -- Found ament_cmake: 1.3.11 (/opt/ros/humble/share/ament_cmake/cmake)
[0.458s] -- Found Python3: /usr/bin/python3 (found version "3.10.12") found components: Interpreter 
[0.553s] -- Found ament_lint_auto: 0.12.11 (/opt/ros/humble/share/ament_lint_auto/cmake)
[0.644s] -- Added test 'copyright' to check source files copyright and LICENSE
[0.644s] -- Added test 'flake8' to check Python code syntax and style conventions
[0.644s] -- Added test 'lint_cmake' to check CMake code style
[0.645s] -- Added test 'pep257' to check Python code against some of the docstring style conventions in PEP 257
[0.645s] -- Added test 'xmllint' to check XML markup files
[0.646s] -- Configuring done
[0.649s] -- Generating done
[0.652s] -- Build files have been written to: /home/jinyoung/scout_ws/src/ugv_gazebo_sim/build/four_ws_control
[0.662s] Invoked command in '/home/jinyoung/scout_ws/src/ugv_gazebo_sim/build/four_ws_control' returned '0': CMAKE_PREFIX_PATH=/opt/ros/humble /usr/bin/cmake /home/jinyoung/scout_ws/src/ugv_gazebo_sim/ranger/four_ws_control -DCMAKE_INSTALL_PREFIX=/home/jinyoung/scout_ws/src/ugv_gazebo_sim/install/four_ws_control
[0.663s] Invoking command in '/home/jinyoung/scout_ws/src/ugv_gazebo_sim/build/four_ws_control': CMAKE_PREFIX_PATH=/opt/ros/humble /usr/bin/cmake --build /home/jinyoung/scout_ws/src/ugv_gazebo_sim/build/four_ws_control -- -j8 -l8
[0.691s] Invoked command in '/home/jinyoung/scout_ws/src/ugv_gazebo_sim/build/four_ws_control' returned '0': CMAKE_PREFIX_PATH=/opt/ros/humble /usr/bin/cmake --build /home/jinyoung/scout_ws/src/ugv_gazebo_sim/build/four_ws_control -- -j8 -l8
[0.717s] Invoking command in '/home/jinyoung/scout_ws/src/ugv_gazebo_sim/build/four_ws_control': CMAKE_PREFIX_PATH=/opt/ros/humble /usr/bin/cmake --install /home/jinyoung/scout_ws/src/ugv_gazebo_sim/build/four_ws_control
[0.723s] -- Install configuration: ""
[0.724s] -- Installing: /home/jinyoung/scout_ws/src/ugv_gazebo_sim/install/four_ws_control/share/four_ws_control//scripts
[0.724s] -- Installing: /home/jinyoung/scout_ws/src/ugv_gazebo_sim/install/four_ws_control/share/four_ws_control//scripts/robot_control.py
[0.725s] -- Installing: /home/jinyoung/scout_ws/src/ugv_gazebo_sim/install/four_ws_control/share/four_ws_control//launch
[0.725s] -- Installing: /home/jinyoung/scout_ws/src/ugv_gazebo_sim/install/four_ws_control/share/four_ws_control//launch/four_ws_control.launch.py
[0.726s] -- Installing: /home/jinyoung/scout_ws/src/ugv_gazebo_sim/install/four_ws_control/lib/four_ws_control/robot_control.py
[0.726s] -- Installing: /home/jinyoung/scout_ws/src/ugv_gazebo_sim/install/four_ws_control/lib/four_ws_control/four_ws_control.launch.py
[0.726s] -- Installing: /home/jinyoung/scout_ws/src/ugv_gazebo_sim/install/four_ws_control/share/ament_index/resource_index/package_run_dependencies/four_ws_control
[0.726s] -- Installing: /home/jinyoung/scout_ws/src/ugv_gazebo_sim/install/four_ws_control/share/ament_index/resource_index/parent_prefix_path/four_ws_control
[0.726s] -- Installing: /home/jinyoung/scout_ws/src/ugv_gazebo_sim/install/four_ws_control/share/four_ws_control/environment/ament_prefix_path.sh
[0.726s] -- Installing: /home/jinyoung/scout_ws/src/ugv_gazebo_sim/install/four_ws_control/share/four_ws_control/environment/ament_prefix_path.dsv
[0.726s] -- Installing: /home/jinyoung/scout_ws/src/ugv_gazebo_sim/install/four_ws_control/share/four_ws_control/environment/path.sh
[0.726s] -- Installing: /home/jinyoung/scout_ws/src/ugv_gazebo_sim/install/four_ws_control/share/four_ws_control/environment/path.dsv
[0.726s] -- Installing: /home/jinyoung/scout_ws/src/ugv_gazebo_sim/install/four_ws_control/share/four_ws_control/local_setup.bash
[0.726s] -- Installing: /home/jinyoung/scout_ws/src/ugv_gazebo_sim/install/four_ws_control/share/four_ws_control/local_setup.sh
[0.726s] -- Installing: /home/jinyoung/scout_ws/src/ugv_gazebo_sim/install/four_ws_control/share/four_ws_control/local_setup.zsh
[0.726s] -- Installing: /home/jinyoung/scout_ws/src/ugv_gazebo_sim/install/four_ws_control/share/four_ws_control/local_setup.dsv
[0.727s] -- Installing: /home/jinyoung/scout_ws/src/ugv_gazebo_sim/install/four_ws_control/share/four_ws_control/package.dsv
[0.727s] -- Installing: /home/jinyoung/scout_ws/src/ugv_gazebo_sim/install/four_ws_control/share/ament_index/resource_index/packages/four_ws_control
[0.727s] -- Installing: /home/jinyoung/scout_ws/src/ugv_gazebo_sim/install/four_ws_control/share/four_ws_control/cmake/four_ws_controlConfig.cmake
[0.728s] -- Installing: /home/jinyoung/scout_ws/src/ugv_gazebo_sim/install/four_ws_control/share/four_ws_control/cmake/four_ws_controlConfig-version.cmake
[0.728s] -- Installing: /home/jinyoung/scout_ws/src/ugv_gazebo_sim/install/four_ws_control/share/four_ws_control/package.xml
[0.738s] Invoked command in '/home/jinyoung/scout_ws/src/ugv_gazebo_sim/build/four_ws_control' returned '0': CMAKE_PREFIX_PATH=/opt/ros/humble /usr/bin/cmake --install /home/jinyoung/scout_ws/src/ugv_gazebo_sim/build/four_ws_control
