[0.019s] Invoking command in '/home/jinyoung/scout_ws/src/ugv_gazebo_sim/build/hunter2_gazebo': CMAKE_PREFIX_PATH=/opt/ros/humble /usr/bin/cmake /home/jinyoung/scout_ws/src/ugv_gazebo_sim/hunter/hunter2_gazebo -DCMAKE_INSTALL_PREFIX=/home/jinyoung/scout_ws/src/ugv_gazebo_sim/install/hunter2_gazebo
[0.066s] -- The C compiler identification is GNU 11.4.0
[0.121s] -- The CXX compiler identification is GNU 11.4.0
[0.130s] -- Detecting C compiler ABI info
[0.191s] -- Detecting C compiler ABI info - done
[0.201s] -- Check for working C compiler: /usr/bin/cc - skipped
[0.204s] -- Detecting C compile features
[0.205s] -- Detecting C compile features - done
[0.205s] -- Detecting CXX compiler ABI info
[0.282s] -- Detecting CXX compiler ABI info - done
[0.290s] -- Check for working CXX compiler: /usr/bin/c++ - skipped
[0.291s] -- Detecting CXX compile features
[0.291s] -- Detecting CXX compile features - done
[0.291s] -- Found ament_cmake: 1.3.11 (/opt/ros/humble/share/ament_cmake/cmake)
[0.448s] -- Found Python3: /usr/bin/python3 (found version "3.10.12") found components: Interpreter 
[0.546s] -- Found ament_lint_auto: 0.12.11 (/opt/ros/humble/share/ament_lint_auto/cmake)
[0.639s] -- Added test 'copyright' to check source files copyright and LICENSE
[0.639s] -- Added test 'flake8' to check Python code syntax and style conventions
[0.639s] -- Added test 'lint_cmake' to check CMake code style
[0.640s] -- Added test 'pep257' to check Python code against some of the docstring style conventions in PEP 257
[0.641s] -- Added test 'xmllint' to check XML markup files
[0.642s] -- Configuring done
[0.645s] -- Generating done
[0.646s] -- Build files have been written to: /home/jinyoung/scout_ws/src/ugv_gazebo_sim/build/hunter2_gazebo
[0.652s] Invoked command in '/home/jinyoung/scout_ws/src/ugv_gazebo_sim/build/hunter2_gazebo' returned '0': CMAKE_PREFIX_PATH=/opt/ros/humble /usr/bin/cmake /home/jinyoung/scout_ws/src/ugv_gazebo_sim/hunter/hunter2_gazebo -DCMAKE_INSTALL_PREFIX=/home/jinyoung/scout_ws/src/ugv_gazebo_sim/install/hunter2_gazebo
[0.654s] Invoking command in '/home/jinyoung/scout_ws/src/ugv_gazebo_sim/build/hunter2_gazebo': CMAKE_PREFIX_PATH=/opt/ros/humble /usr/bin/cmake --build /home/jinyoung/scout_ws/src/ugv_gazebo_sim/build/hunter2_gazebo -- -j8 -l8
[0.691s] Invoked command in '/home/jinyoung/scout_ws/src/ugv_gazebo_sim/build/hunter2_gazebo' returned '0': CMAKE_PREFIX_PATH=/opt/ros/humble /usr/bin/cmake --build /home/jinyoung/scout_ws/src/ugv_gazebo_sim/build/hunter2_gazebo -- -j8 -l8
[0.714s] Invoking command in '/home/jinyoung/scout_ws/src/ugv_gazebo_sim/build/hunter2_gazebo': CMAKE_PREFIX_PATH=/opt/ros/humble /usr/bin/cmake --install /home/jinyoung/scout_ws/src/ugv_gazebo_sim/build/hunter2_gazebo
[0.722s] -- Install configuration: ""
[0.722s] -- Installing: /home/jinyoung/scout_ws/src/ugv_gazebo_sim/install/hunter2_gazebo/share/hunter2_gazebo/launch
[0.723s] -- Installing: /home/jinyoung/scout_ws/src/ugv_gazebo_sim/install/hunter2_gazebo/share/hunter2_gazebo/launch/hunter_spawn.launch.py
[0.723s] -- Installing: /home/jinyoung/scout_ws/src/ugv_gazebo_sim/install/hunter2_gazebo/share/hunter2_gazebo/launch/hunter_gazebo.launch.py
[0.723s] -- Installing: /home/jinyoung/scout_ws/src/ugv_gazebo_sim/install/hunter2_gazebo/share/hunter2_gazebo/launch/display.launch.py
[0.724s] -- Installing: /home/jinyoung/scout_ws/src/ugv_gazebo_sim/install/hunter2_gazebo/share/hunter2_gazebo/launch/hunter_empty_world.launch.py
[0.724s] -- Installing: /home/jinyoung/scout_ws/src/ugv_gazebo_sim/install/hunter2_gazebo/share/hunter2_gazebo/xacro
[0.724s] -- Installing: /home/jinyoung/scout_ws/src/ugv_gazebo_sim/install/hunter2_gazebo/share/hunter2_gazebo/xacro/hunter2.gazebo
[0.724s] -- Installing: /home/jinyoung/scout_ws/src/ugv_gazebo_sim/install/hunter2_gazebo/share/hunter2_gazebo/xacro/hunter2_description.xacro
[0.724s] -- Installing: /home/jinyoung/scout_ws/src/ugv_gazebo_sim/install/hunter2_gazebo/share/hunter2_gazebo/world
[0.724s] -- Installing: /home/jinyoung/scout_ws/src/ugv_gazebo_sim/install/hunter2_gazebo/share/hunter2_gazebo/world/house.world
[0.724s] -- Installing: /home/jinyoung/scout_ws/src/ugv_gazebo_sim/install/hunter2_gazebo/share/hunter2_gazebo/scripts
[0.724s] -- Installing: /home/jinyoung/scout_ws/src/ugv_gazebo_sim/install/hunter2_gazebo/share/hunter2_gazebo/scripts/gazebo_odometry.py
[0.724s] -- Installing: /home/jinyoung/scout_ws/src/ugv_gazebo_sim/install/hunter2_gazebo/share/ament_index/resource_index/package_run_dependencies/hunter2_gazebo
[0.724s] -- Installing: /home/jinyoung/scout_ws/src/ugv_gazebo_sim/install/hunter2_gazebo/share/ament_index/resource_index/parent_prefix_path/hunter2_gazebo
[0.724s] -- Installing: /home/jinyoung/scout_ws/src/ugv_gazebo_sim/install/hunter2_gazebo/share/hunter2_gazebo/environment/ament_prefix_path.sh
[0.724s] -- Installing: /home/jinyoung/scout_ws/src/ugv_gazebo_sim/install/hunter2_gazebo/share/hunter2_gazebo/environment/ament_prefix_path.dsv
[0.724s] -- Installing: /home/jinyoung/scout_ws/src/ugv_gazebo_sim/install/hunter2_gazebo/share/hunter2_gazebo/environment/path.sh
[0.724s] -- Installing: /home/jinyoung/scout_ws/src/ugv_gazebo_sim/install/hunter2_gazebo/share/hunter2_gazebo/environment/path.dsv
[0.725s] -- Installing: /home/jinyoung/scout_ws/src/ugv_gazebo_sim/install/hunter2_gazebo/share/hunter2_gazebo/local_setup.bash
[0.725s] -- Installing: /home/jinyoung/scout_ws/src/ugv_gazebo_sim/install/hunter2_gazebo/share/hunter2_gazebo/local_setup.sh
[0.725s] -- Installing: /home/jinyoung/scout_ws/src/ugv_gazebo_sim/install/hunter2_gazebo/share/hunter2_gazebo/local_setup.zsh
[0.725s] -- Installing: /home/jinyoung/scout_ws/src/ugv_gazebo_sim/install/hunter2_gazebo/share/hunter2_gazebo/local_setup.dsv
[0.725s] -- Installing: /home/jinyoung/scout_ws/src/ugv_gazebo_sim/install/hunter2_gazebo/share/hunter2_gazebo/package.dsv
[0.725s] -- Installing: /home/jinyoung/scout_ws/src/ugv_gazebo_sim/install/hunter2_gazebo/share/ament_index/resource_index/packages/hunter2_gazebo
[0.725s] -- Installing: /home/jinyoung/scout_ws/src/ugv_gazebo_sim/install/hunter2_gazebo/share/hunter2_gazebo/cmake/hunter2_gazeboConfig.cmake
[0.725s] -- Installing: /home/jinyoung/scout_ws/src/ugv_gazebo_sim/install/hunter2_gazebo/share/hunter2_gazebo/cmake/hunter2_gazeboConfig-version.cmake
[0.725s] -- Installing: /home/jinyoung/scout_ws/src/ugv_gazebo_sim/install/hunter2_gazebo/share/hunter2_gazebo/package.xml
[0.745s] Invoked command in '/home/jinyoung/scout_ws/src/ugv_gazebo_sim/build/hunter2_gazebo' returned '0': CMAKE_PREFIX_PATH=/opt/ros/humble /usr/bin/cmake --install /home/jinyoung/scout_ws/src/ugv_gazebo_sim/build/hunter2_gazebo
